-------------------------------------------------------------------------------
Test set: CalculadoraTest
-------------------------------------------------------------------------------
Tests run: 5, Failures: 1, Errors: 0, Skipped: 0, Time elapsed: 0.031 s <<< FAILURE! - in CalculadoraTest
suma  Time elapsed: 0.016 s  <<< FAILURE!
org.opentest4j.AssertionFailedError: expected: <80.0> but was: <10.0>
	at CalculadoraTest.suma(CalculadoraTest.java:19)

